<?xml version="1.0" encoding="UTF-8"?>
<!-- Generated by org.testng.reporters.JUnitXMLReporter -->
<testsuite ignored="0" hostname="Shlomi-Desktop" failures="0" tests="5" name="load web site" time="16.391" errors="0" timestamp="2020-07-06T18:39:14 IDT">
  <testcase classname="tests.MainRunner" name="upFooterOpenWebSite" time="5.001"/>
  <testcase classname="tests.MainRunner" name="loginToWebSite" time="2.119"/>
  <testcase classname="tests.MainRunner" name="eventsPage" time="1.693"/>
  <testcase classname="tests.MainRunner" name="performsearch" time="0.754"/>
  <testcase classname="tests.MainRunner" name="validateResultsFromTable" time="0.578"/>
</testsuite> <!-- load web site -->
